<?xml version="1.0" encoding="UTF-8"?>
<!-- Generated by org.testng.reporters.JUnitReportReporter -->
<testsuite hostname="DESKTOP-DRN2DEQ" failures="0" tests="1" name="com.prject.testcase.Tc001FbLogin" time="4.491" errors="0" timestamp="2022-08-11T06:51:38 IST" skipped="0">
  <testcase classname="com.prject.testcase.Tc001FbLogin" name="verifylogin" time="4.491"/>
  <system-out/>
</testsuite> <!-- com.prject.testcase.Tc001FbLogin -->
